<?xml version="1.0" encoding="UTF-8"?>
<!-- Generated by org.testng.reporters.JUnitReportReporter -->
<testsuite hostname="LAPTOP-VNBA3OG5" failures="0" tests="1" name="_CountVowelSubstrings_package._CountVowelSubstrings.CountVowelSubstrings" time="0.013" errors="0" timestamp="2021-09-30T13:42:01 CDT" skipped="0">
  <testcase classname="_CountVowelSubstrings_package._CountVowelSubstrings.CountVowelSubstrings" name="testcase2" time="0.013"/>
  <system-out/>
</testsuite> <!-- _CountVowelSubstrings_package._CountVowelSubstrings.CountVowelSubstrings -->
